<?xml version="1.0" encoding="UTF-8"?>
<!-- Generated by org.testng.reporters.JUnitXMLReporter -->
<testsuite ignored="0" hostname="Adityas-MacBook-Pro.local" failures="0" tests="4" name="Default test" time="7.125" errors="0" timestamp="2025-04-10T16:40:39 IST">
  <testcase classname="Pages.RunNow" name="LoginFirst" time="0.137"/>
  <testcase classname="Pages.RunNow" name="LoginFirst" time="0.134"/>
  <testcase classname="Pages.RunNow" name="LoginFirst" time="0.307"/>
  <testcase classname="Pages.RunNow" name="LoginFirst" time="0.501"/>
</testsuite> <!-- Default test -->
