<?xml version="1.0" encoding="UTF-8"?>
<!-- Generated by org.testng.reporters.JUnitXMLReporter -->
<testsuite ignored="0" hostname="Adityas-MacBook-Pro.local" failures="0" tests="4" name="Test" time="14.446" errors="0" timestamp="2025-04-10T21:36:33 IST">
  <testcase classname="Pages.RunNow" name="LoginFirst" time="0.16"/>
  <testcase classname="Pages.RunNow" name="LoginFirst" time="0.136"/>
  <testcase classname="Pages.RunNow" name="LoginFirst" time="0.391"/>
  <testcase classname="Pages.RunNow" name="LoginFirst" time="0.46"/>
</testsuite> <!-- Test -->
