<?xml version="1.0" encoding="UTF-8"?>
<testng-results ignored="0" total="4" passed="4" failed="0" skipped="0">
  <reporter-output>
  </reporter-output>
  <suite started-at="2025-04-10T21:36:19 IST" name="Suite" finished-at="2025-04-10T21:36:33 IST" duration-ms="14446">
    <groups>
    </groups>
    <test started-at="2025-04-10T21:36:19 IST" name="Test" finished-at="2025-04-10T21:36:33 IST" duration-ms="14446">
      <class name="Pages.RunNow">
        <test-method is-config="true" signature="Setup()[pri:0, instance:Pages.RunNow@41fbdac4]" started-at="2025-04-10T21:36:19 IST" name="Setup" finished-at="2025-04-10T21:36:28 IST" duration-ms="8924" status="PASS">
          <reporter-output>
          </reporter-output>
        </test-method> <!-- Setup -->
        <test-method signature="LoginFirst(java.lang.String,java.lang.String,java.lang.String)[pri:0, instance:Pages.RunNow@41fbdac4]" started-at="2025-04-10T21:36:28 IST" name="LoginFirst" data-provider="loginData" finished-at="2025-04-10T21:36:28 IST" duration-ms="160" status="PASS">
          <params>
            <param index="0">
              <value>
                <![CDATA[adit@gmail.com]]>
              </value>
            </param>
            <param index="1">
              <value>
                <![CDATA[123]]>
              </value>
            </param>
            <param index="2">
              <value>
                <![CDATA[invalid]]>
              </value>
            </param>
          </params>
          <reporter-output>
          </reporter-output>
        </test-method> <!-- LoginFirst -->
        <test-method is-config="true" signature="Finish()[pri:0, instance:Pages.RunNow@41fbdac4]" started-at="2025-04-10T21:36:28 IST" name="Finish" finished-at="2025-04-10T21:36:28 IST" duration-ms="86" status="PASS">
          <reporter-output>
          </reporter-output>
        </test-method> <!-- Finish -->
        <test-method is-config="true" signature="Setup()[pri:0, instance:Pages.RunNow@41fbdac4]" started-at="2025-04-10T21:36:28 IST" name="Setup" finished-at="2025-04-10T21:36:30 IST" duration-ms="1211" status="PASS">
          <reporter-output>
          </reporter-output>
        </test-method> <!-- Setup -->
        <test-method signature="LoginFirst(java.lang.String,java.lang.String,java.lang.String)[pri:0, instance:Pages.RunNow@41fbdac4]" started-at="2025-04-10T21:36:30 IST" name="LoginFirst" data-provider="loginData" finished-at="2025-04-10T21:36:30 IST" duration-ms="136" status="PASS">
          <params>
            <param index="0">
              <value>
                <![CDATA[asd@gmail.com]]>
              </value>
            </param>
            <param index="1">
              <value>
                <![CDATA[12@]]>
              </value>
            </param>
            <param index="2">
              <value>
                <![CDATA[invalid]]>
              </value>
            </param>
          </params>
          <reporter-output>
          </reporter-output>
        </test-method> <!-- LoginFirst -->
        <test-method is-config="true" signature="Finish()[pri:0, instance:Pages.RunNow@41fbdac4]" started-at="2025-04-10T21:36:30 IST" name="Finish" finished-at="2025-04-10T21:36:30 IST" duration-ms="84" status="PASS">
          <reporter-output>
          </reporter-output>
        </test-method> <!-- Finish -->
        <test-method is-config="true" signature="Setup()[pri:0, instance:Pages.RunNow@41fbdac4]" started-at="2025-04-10T21:36:30 IST" name="Setup" finished-at="2025-04-10T21:36:31 IST" duration-ms="1240" status="PASS">
          <reporter-output>
          </reporter-output>
        </test-method> <!-- Setup -->
        <test-method signature="LoginFirst(java.lang.String,java.lang.String,java.lang.String)[pri:0, instance:Pages.RunNow@41fbdac4]" started-at="2025-04-10T21:36:31 IST" name="LoginFirst" data-provider="loginData" finished-at="2025-04-10T21:36:31 IST" duration-ms="391" status="PASS">
          <params>
            <param index="0">
              <value>
                <![CDATA[kiran@gmail.com]]>
              </value>
            </param>
            <param index="1">
              <value>
                <![CDATA[123456]]>
              </value>
            </param>
            <param index="2">
              <value>
                <![CDATA[valid]]>
              </value>
            </param>
          </params>
          <reporter-output>
          </reporter-output>
        </test-method> <!-- LoginFirst -->
        <test-method is-config="true" signature="Finish()[pri:0, instance:Pages.RunNow@41fbdac4]" started-at="2025-04-10T21:36:31 IST" name="Finish" finished-at="2025-04-10T21:36:31 IST" duration-ms="84" status="PASS">
          <reporter-output>
          </reporter-output>
        </test-method> <!-- Finish -->
        <test-method is-config="true" signature="Setup()[pri:0, instance:Pages.RunNow@41fbdac4]" started-at="2025-04-10T21:36:31 IST" name="Setup" finished-at="2025-04-10T21:36:33 IST" duration-ms="1165" status="PASS">
          <reporter-output>
          </reporter-output>
        </test-method> <!-- Setup -->
        <test-method signature="LoginFirst(java.lang.String,java.lang.String,java.lang.String)[pri:0, instance:Pages.RunNow@41fbdac4]" started-at="2025-04-10T21:36:33 IST" name="LoginFirst" data-provider="loginData" finished-at="2025-04-10T21:36:33 IST" duration-ms="460" status="PASS">
          <params>
            <param index="0">
              <value>
                <![CDATA[kiran@gmail.com]]>
              </value>
            </param>
            <param index="1">
              <value>
                <![CDATA[123456]]>
              </value>
            </param>
            <param index="2">
              <value>
                <![CDATA[valid]]>
              </value>
            </param>
          </params>
          <reporter-output>
          </reporter-output>
        </test-method> <!-- LoginFirst -->
        <test-method is-config="true" signature="Finish()[pri:0, instance:Pages.RunNow@41fbdac4]" started-at="2025-04-10T21:36:33 IST" name="Finish" finished-at="2025-04-10T21:36:33 IST" duration-ms="87" status="PASS">
          <reporter-output>
          </reporter-output>
        </test-method> <!-- Finish -->
      </class> <!-- Pages.RunNow -->
    </test> <!-- Test -->
  </suite> <!-- Suite -->
</testng-results>
