<?xml version="1.0" encoding="UTF-8"?>
<testng-results ignored="0" total="1" passed="1" failed="0" skipped="0">
  <reporter-output>
  </reporter-output>
  <suite started-at="2025-04-19T11:14:09 IST" name="Default suite" finished-at="2025-04-19T11:14:11 IST" duration-ms="2406">
    <groups>
    </groups>
    <test started-at="2025-04-19T11:14:09 IST" name="Default test" finished-at="2025-04-19T11:14:11 IST" duration-ms="2406">
      <class name="Pages.RunNow">
        <test-method is-config="true" signature="setupReport()[pri:0, instance:Pages.RunNow@1a451d4d]" started-at="2025-04-19T11:14:09 IST" name="setupReport" finished-at="2025-04-19T11:14:09 IST" duration-ms="97" status="PASS">
          <reporter-output>
          </reporter-output>
        </test-method> <!-- setupReport -->
        <test-method is-config="true" signature="Setup(java.lang.reflect.Method)[pri:0, instance:Pages.RunNow@1a451d4d]" started-at="2025-04-19T11:14:09 IST" name="Setup" finished-at="2025-04-19T11:14:11 IST" duration-ms="1874" status="PASS">
          <params>
            <param index="0">
              <value>
                <![CDATA[void Pages.RunNow.UserPageRun()]]>
              </value>
            </param>
          </params>
          <reporter-output>
          </reporter-output>
        </test-method> <!-- Setup -->
        <test-method signature="UserPageRun()[pri:0, instance:Pages.RunNow@1a451d4d]" started-at="2025-04-19T11:14:11 IST" name="UserPageRun" finished-at="2025-04-19T11:14:11 IST" duration-ms="327" status="PASS">
          <reporter-output>
          </reporter-output>
        </test-method> <!-- UserPageRun -->
        <test-method is-config="true" signature="Finish(org.testng.ITestResult)[pri:0, instance:Pages.RunNow@1a451d4d]" started-at="2025-04-19T11:14:11 IST" name="Finish" finished-at="2025-04-19T11:14:11 IST" duration-ms="191" status="PASS">
          <params>
            <param index="0">
              <value>
                <![CDATA[[TestResult name=UserPageRun status=SUCCESS method=RunNow.UserPageRun()[pri:0, instance:Pages.RunNow@1a451d4d] output={null}]]]>
              </value>
            </param>
          </params>
          <reporter-output>
          </reporter-output>
        </test-method> <!-- Finish -->
      </class> <!-- Pages.RunNow -->
    </test> <!-- Default test -->
  </suite> <!-- Default suite -->
</testng-results>
